0 info it worked if it ends with ok
1 verbose cli [ '/usr/bin/node', '/usr/bin/npm', 'install', '-g', 'n', '12.15.0' ]
2 info using npm@3.5.2
3 info using node@v8.10.0
4 silly loadCurrentTree Starting
5 silly install loadCurrentTree
6 silly install readGlobalPackageData
7 silly fetchPackageMetaData n
8 silly fetchPackageMetaData 12.15.0
9 silly fetchNamedPackageData n
10 silly mapToRegistry name n
11 silly mapToRegistry using default registry
12 silly mapToRegistry registry https://registry.npmjs.org/
13 silly mapToRegistry uri https://registry.npmjs.org/n
14 silly fetchNamedPackageData 12.15.0
15 silly mapToRegistry name 12.15.0
16 silly mapToRegistry using default registry
17 silly mapToRegistry registry https://registry.npmjs.org/
18 silly mapToRegistry uri https://registry.npmjs.org/12.15.0
19 verbose request uri https://registry.npmjs.org/n
20 verbose request no auth needed
21 info attempt registry request try #1 at 5:36:02 p. m.
22 verbose request id a067728a6347f01e
23 http request GET https://registry.npmjs.org/n
24 verbose request uri https://registry.npmjs.org/12.15.0
25 verbose request no auth needed
26 info attempt registry request try #1 at 5:36:02 p. m.
27 http request GET https://registry.npmjs.org/12.15.0
28 http 200 https://registry.npmjs.org/n
29 verbose headers { date: 'Thu, 30 Apr 2020 22:36:02 GMT',
29 verbose headers   'content-type': 'application/json',
29 verbose headers   'transfer-encoding': 'chunked',
29 verbose headers   connection: 'keep-alive',
29 verbose headers   'set-cookie':
29 verbose headers    [ '__cfduid=d3b805b8ade734f4b9b8dcceaabd0d8a71588286162; expires=Sat, 30-May-20 22:36:02 GMT; path=/; domain=.npmjs.org; HttpOnly; SameSite=Lax' ],
29 verbose headers   'cf-ray': '58c4bd436832da9e-BOG',
29 verbose headers   age: '6296',
29 verbose headers   'cache-control': 'public, max-age=300',
29 verbose headers   etag: 'W/"6d55505ecd7288103ff31dfb3458227a"',
29 verbose headers   'last-modified': 'Sat, 11 Apr 2020 06:04:19 GMT',
29 verbose headers   vary: 'accept-encoding, accept',
29 verbose headers   'cf-cache-status': 'HIT',
29 verbose headers   'expect-ct': 'max-age=604800, report-uri="https://report-uri.cloudflare.com/cdn-cgi/beacon/expect-ct"',
29 verbose headers   server: 'cloudflare',
29 verbose headers   'content-encoding': 'gzip',
29 verbose headers   'cf-request-id': '026ed49e210000da9e01050200000001' }
30 silly get cb [ 200,
30 silly get   { date: 'Thu, 30 Apr 2020 22:36:02 GMT',
30 silly get     'content-type': 'application/json',
30 silly get     'transfer-encoding': 'chunked',
30 silly get     connection: 'keep-alive',
30 silly get     'set-cookie':
30 silly get      [ '__cfduid=d3b805b8ade734f4b9b8dcceaabd0d8a71588286162; expires=Sat, 30-May-20 22:36:02 GMT; path=/; domain=.npmjs.org; HttpOnly; SameSite=Lax' ],
30 silly get     'cf-ray': '58c4bd436832da9e-BOG',
30 silly get     age: '6296',
30 silly get     'cache-control': 'public, max-age=300',
30 silly get     etag: 'W/"6d55505ecd7288103ff31dfb3458227a"',
30 silly get     'last-modified': 'Sat, 11 Apr 2020 06:04:19 GMT',
30 silly get     vary: 'accept-encoding, accept',
30 silly get     'cf-cache-status': 'HIT',
30 silly get     'expect-ct': 'max-age=604800, report-uri="https://report-uri.cloudflare.com/cdn-cgi/beacon/expect-ct"',
30 silly get     server: 'cloudflare',
30 silly get     'content-encoding': 'gzip',
30 silly get     'cf-request-id': '026ed49e210000da9e01050200000001' } ]
31 verbose get saving n to /home/angelica/.npm/registry.npmjs.org/n/.cache.json
32 http 404 https://registry.npmjs.org/12.15.0
33 verbose headers { date: 'Thu, 30 Apr 2020 22:36:03 GMT',
33 verbose headers   'content-type': 'application/json',
33 verbose headers   'content-length': '21',
33 verbose headers   connection: 'keep-alive',
33 verbose headers   'set-cookie':
33 verbose headers    [ '__cfduid=d475cd8dee69cb272b670807583ed1d881588286162; expires=Sat, 30-May-20 22:36:02 GMT; path=/; domain=.npmjs.org; HttpOnly; SameSite=Lax' ],
33 verbose headers   'cf-ray': '58c4bd4369ebb564-BOG',
33 verbose headers   vary: 'Accept-Encoding',
33 verbose headers   'cf-cache-status': 'MISS',
33 verbose headers   'expect-ct': 'max-age=604800, report-uri="https://report-uri.cloudflare.com/cdn-cgi/beacon/expect-ct"',
33 verbose headers   server: 'cloudflare',
33 verbose headers   'cf-request-id': '026ed49e200000b5645f0a5200000001' }
34 silly get cb [ 404,
34 silly get   { date: 'Thu, 30 Apr 2020 22:36:03 GMT',
34 silly get     'content-type': 'application/json',
34 silly get     'content-length': '21',
34 silly get     connection: 'keep-alive',
34 silly get     'set-cookie':
34 silly get      [ '__cfduid=d475cd8dee69cb272b670807583ed1d881588286162; expires=Sat, 30-May-20 22:36:02 GMT; path=/; domain=.npmjs.org; HttpOnly; SameSite=Lax' ],
34 silly get     'cf-ray': '58c4bd4369ebb564-BOG',
34 silly get     vary: 'Accept-Encoding',
34 silly get     'cf-cache-status': 'MISS',
34 silly get     'expect-ct': 'max-age=604800, report-uri="https://report-uri.cloudflare.com/cdn-cgi/beacon/expect-ct"',
34 silly get     server: 'cloudflare',
34 silly get     'cf-request-id': '026ed49e200000b5645f0a5200000001' } ]
35 silly fetchPackageMetaData Error: Not found : 12.15.0
35 silly fetchPackageMetaData     at makeError (/usr/share/npm/node_modules/npm-registry-client/lib/request.js:264:12)
35 silly fetchPackageMetaData     at CachingRegistryClient.<anonymous> (/usr/share/npm/node_modules/npm-registry-client/lib/request.js:252:14)
35 silly fetchPackageMetaData     at Request._callback (/usr/share/npm/node_modules/npm-registry-client/lib/request.js:172:14)
35 silly fetchPackageMetaData     at Request.self.callback (/usr/share/npm/node_modules/request/request.js:198:22)
35 silly fetchPackageMetaData     at emitTwo (events.js:126:13)
35 silly fetchPackageMetaData     at Request.emit (events.js:214:7)
35 silly fetchPackageMetaData     at Request.<anonymous> (/usr/share/npm/node_modules/request/request.js:1082:10)
35 silly fetchPackageMetaData     at emitOne (events.js:121:20)
35 silly fetchPackageMetaData     at Request.emit (events.js:211:7)
35 silly fetchPackageMetaData     at IncomingMessage.<anonymous> (/usr/share/npm/node_modules/request/request.js:1009:12)
35 silly fetchPackageMetaData  error for 12.15.0 { Error: Not found : 12.15.0
35 silly fetchPackageMetaData     at makeError (/usr/share/npm/node_modules/npm-registry-client/lib/request.js:264:12)
35 silly fetchPackageMetaData     at CachingRegistryClient.<anonymous> (/usr/share/npm/node_modules/npm-registry-client/lib/request.js:252:14)
35 silly fetchPackageMetaData     at Request._callback (/usr/share/npm/node_modules/npm-registry-client/lib/request.js:172:14)
35 silly fetchPackageMetaData     at Request.self.callback (/usr/share/npm/node_modules/request/request.js:198:22)
35 silly fetchPackageMetaData     at emitTwo (events.js:126:13)
35 silly fetchPackageMetaData     at Request.emit (events.js:214:7)
35 silly fetchPackageMetaData     at Request.<anonymous> (/usr/share/npm/node_modules/request/request.js:1082:10)
35 silly fetchPackageMetaData     at emitOne (events.js:121:20)
35 silly fetchPackageMetaData     at Request.emit (events.js:211:7)
35 silly fetchPackageMetaData     at IncomingMessage.<anonymous> (/usr/share/npm/node_modules/request/request.js:1009:12) pkgid: '12.15.0', statusCode: 404, code: 'E404' }
36 silly rollbackFailedOptional Starting
37 silly rollbackFailedOptional Finishing
38 silly runTopLevelLifecycles Starting
39 silly runTopLevelLifecycles Finishing
40 silly install printInstalled
41 verbose stack Error: Not found : 12.15.0
41 verbose stack     at makeError (/usr/share/npm/node_modules/npm-registry-client/lib/request.js:264:12)
41 verbose stack     at CachingRegistryClient.<anonymous> (/usr/share/npm/node_modules/npm-registry-client/lib/request.js:252:14)
41 verbose stack     at Request._callback (/usr/share/npm/node_modules/npm-registry-client/lib/request.js:172:14)
41 verbose stack     at Request.self.callback (/usr/share/npm/node_modules/request/request.js:198:22)
41 verbose stack     at emitTwo (events.js:126:13)
41 verbose stack     at Request.emit (events.js:214:7)
41 verbose stack     at Request.<anonymous> (/usr/share/npm/node_modules/request/request.js:1082:10)
41 verbose stack     at emitOne (events.js:121:20)
41 verbose stack     at Request.emit (events.js:211:7)
41 verbose stack     at IncomingMessage.<anonymous> (/usr/share/npm/node_modules/request/request.js:1009:12)
42 verbose statusCode 404
43 verbose pkgid 12.15.0
44 verbose cwd /home/angelica/Bases-de-datos/mande
45 error Linux 5.3.0-46-generic
46 error argv "/usr/bin/node" "/usr/bin/npm" "install" "-g" "n" "12.15.0"
47 error node v8.10.0
48 error npm  v3.5.2
49 error code E404
50 error 404 Not found : 12.15.0
51 error 404
52 error 404 '12.15.0' is not in the npm registry.
53 error 404 You should bug the author to publish it (or use the name yourself!)
54 error 404 Note that you can also install from a
55 error 404 tarball, folder, http url, or git url.
56 verbose exit [ 1, true ]
